[0m11:04:44.452653 [debug] [MainThread]: Sending event: {'category': 'dbt', 'action': 'invocation', 'label': 'start', 'context': [<snowplow_tracker.self_describing_json.SelfDescribingJson object at 0x10d525810>, <snowplow_tracker.self_describing_json.SelfDescribingJson object at 0x10d57ff10>, <snowplow_tracker.self_describing_json.SelfDescribingJson object at 0x10d5a0f90>]}


============================== 11:04:44.462619 | 1ee2a936-b50f-4570-853d-484b927aacd7 ==============================
[0m11:04:44.462619 [info ] [MainThread]: Running with dbt=1.8.7
[0m11:04:44.463690 [debug] [MainThread]: running dbt with arguments {'printer_width': '80', 'indirect_selection': 'eager', 'write_json': 'True', 'log_cache_events': 'False', 'partial_parse': 'True', 'cache_selected_only': 'False', 'warn_error': 'None', 'version_check': 'True', 'debug': 'False', 'log_path': '/Users/alunos/Documents/final-project/CarrisInsight/dbt_project/logs', 'profiles_dir': './dbt_project', 'fail_fast': 'False', 'use_colors': 'True', 'use_experimental_parser': 'False', 'empty': 'None', 'quiet': 'False', 'no_print': 'None', 'log_format': 'default', 'introspect': 'True', 'warn_error_options': 'WarnErrorOptions(include=[], exclude=[])', 'static_parser': 'True', 'target_path': 'None', 'invocation_command': 'dbt debug --profile edit_de_project --target staging', 'send_anonymous_usage_stats': 'True'}
[0m11:04:44.519607 [info ] [MainThread]: dbt version: 1.8.7
[0m11:04:44.520651 [info ] [MainThread]: python version: 3.11.5
[0m11:04:44.521568 [info ] [MainThread]: python path: /Users/alunos/anaconda3/bin/python
[0m11:04:44.522998 [info ] [MainThread]: os info: macOS-10.16-x86_64-i386-64bit
[0m11:04:44.523901 [info ] [MainThread]: Using profiles dir at ./dbt_project
[0m11:04:44.524871 [info ] [MainThread]: Using profiles.yml file at ./dbt_project/profiles.yml
[0m11:04:44.526681 [info ] [MainThread]: Using dbt_project.yml file at /Users/alunos/Documents/final-project/CarrisInsight/dbt_project/dbt_project.yml
[0m11:04:44.696758 [info ] [MainThread]: Configuration:
[0m11:04:44.697648 [info ] [MainThread]:   profiles.yml file [[31mERROR not found[0m]
[0m11:04:44.698431 [info ] [MainThread]:   dbt_project.yml file [[32mOK found and valid[0m]
[0m11:04:44.699175 [info ] [MainThread]: Required dependencies:
[0m11:04:44.699936 [debug] [MainThread]: Executing "git --help"
[0m11:04:44.735994 [debug] [MainThread]: STDOUT: "b"usage: git [-v | --version] [-h | --help] [-C <path>] [-c <name>=<value>]\n           [--exec-path[=<path>]] [--html-path] [--man-path] [--info-path]\n           [-p | --paginate | -P | --no-pager] [--no-replace-objects] [--bare]\n           [--git-dir=<path>] [--work-tree=<path>] [--namespace=<name>]\n           [--super-prefix=<path>] [--config-env=<name>=<envvar>]\n           <command> [<args>]\n\nThese are common Git commands used in various situations:\n\nstart a working area (see also: git help tutorial)\n   clone     Clone a repository into a new directory\n   init      Create an empty Git repository or reinitialize an existing one\n\nwork on the current change (see also: git help everyday)\n   add       Add file contents to the index\n   mv        Move or rename a file, a directory, or a symlink\n   restore   Restore working tree files\n   rm        Remove files from the working tree and from the index\n\nexamine the history and state (see also: git help revisions)\n   bisect    Use binary search to find the commit that introduced a bug\n   diff      Show changes between commits, commit and working tree, etc\n   grep      Print lines matching a pattern\n   log       Show commit logs\n   show      Show various types of objects\n   status    Show the working tree status\n\ngrow, mark and tweak your common history\n   branch    List, create, or delete branches\n   commit    Record changes to the repository\n   merge     Join two or more development histories together\n   rebase    Reapply commits on top of another base tip\n   reset     Reset current HEAD to the specified state\n   switch    Switch branches\n   tag       Create, list, delete or verify a tag object signed with GPG\n\ncollaborate (see also: git help workflows)\n   fetch     Download objects and refs from another repository\n   pull      Fetch from and integrate with another repository or a local branch\n   push      Update remote refs along with associated objects\n\n'git help -a' and 'git help -g' list available subcommands and some\nconcept guides. See 'git help <command>' or 'git help <concept>'\nto read about a specific subcommand or concept.\nSee 'git help git' for an overview of the system.\n""
[0m11:04:44.738071 [debug] [MainThread]: STDERR: "b''"
[0m11:04:44.739272 [info ] [MainThread]:  - git [[32mOK found[0m]

[0m11:04:44.740303 [info ] [MainThread]: Connection test skipped since no profile was found
[0m11:04:44.741160 [info ] [MainThread]: [31m1 check failed:[0m
[0m11:04:44.741776 [info ] [MainThread]: dbt looked for a profiles.yml file in ./dbt_project/profiles.yml, but did
not find one. For more information on configuring your profile, consult the
documentation:

https://docs.getdbt.com/docs/configure-your-profile


[0m11:04:44.744289 [debug] [MainThread]: Resource report: {"command_name": "debug", "command_wall_clock_time": 0.39708155, "process_user_time": 1.975703, "process_kernel_time": 0.257643, "process_mem_max_rss": "93179904", "command_success": false, "process_in_blocks": "0", "process_out_blocks": "0"}
[0m11:04:44.746515 [debug] [MainThread]: Command `dbt debug` failed at 11:04:44.746202 after 0.40 seconds
[0m11:04:44.747803 [debug] [MainThread]: Sending event: {'category': 'dbt', 'action': 'invocation', 'label': 'end', 'context': [<snowplow_tracker.self_describing_json.SelfDescribingJson object at 0x109f5a990>, <snowplow_tracker.self_describing_json.SelfDescribingJson object at 0x109ed8490>, <snowplow_tracker.self_describing_json.SelfDescribingJson object at 0x109ed85d0>]}
[0m11:04:44.749525 [debug] [MainThread]: Flushing usage events
[0m11:05:58.665582 [debug] [MainThread]: Sending event: {'category': 'dbt', 'action': 'invocation', 'label': 'start', 'context': [<snowplow_tracker.self_describing_json.SelfDescribingJson object at 0x10c45af90>, <snowplow_tracker.self_describing_json.SelfDescribingJson object at 0x10c45b0d0>, <snowplow_tracker.self_describing_json.SelfDescribingJson object at 0x10c4d4c90>]}


============================== 11:05:58.672329 | 1b818164-89ea-4d3c-8ddb-326e52b159a2 ==============================
[0m11:05:58.672329 [info ] [MainThread]: Running with dbt=1.8.7
[0m11:05:58.673776 [debug] [MainThread]: running dbt with arguments {'printer_width': '80', 'indirect_selection': 'eager', 'log_cache_events': 'False', 'write_json': 'True', 'partial_parse': 'True', 'cache_selected_only': 'False', 'profiles_dir': '.', 'version_check': 'True', 'fail_fast': 'False', 'log_path': '/Users/alunos/Documents/final-project/CarrisInsight/dbt_project/logs', 'debug': 'False', 'warn_error': 'None', 'use_colors': 'True', 'use_experimental_parser': 'False', 'empty': 'None', 'quiet': 'False', 'no_print': 'None', 'log_format': 'default', 'invocation_command': 'dbt debug --profile edit_de_project --target staging', 'warn_error_options': 'WarnErrorOptions(include=[], exclude=[])', 'introspect': 'True', 'target_path': 'None', 'static_parser': 'True', 'send_anonymous_usage_stats': 'True'}
[0m11:05:58.697930 [info ] [MainThread]: dbt version: 1.8.7
[0m11:05:58.698741 [info ] [MainThread]: python version: 3.11.5
[0m11:05:58.699399 [info ] [MainThread]: python path: /Users/alunos/anaconda3/bin/python
[0m11:05:58.700047 [info ] [MainThread]: os info: macOS-10.16-x86_64-i386-64bit
[0m11:05:58.715488 [info ] [MainThread]: Error importing adapter: No module named 'dbt.adapters.bigquery'
[0m11:05:58.716950 [info ] [MainThread]: Using profiles dir at .
[0m11:05:58.717571 [info ] [MainThread]: Using profiles.yml file at ./profiles.yml
[0m11:05:58.718165 [info ] [MainThread]: Using dbt_project.yml file at /Users/alunos/Documents/final-project/CarrisInsight/dbt_project/dbt_project.yml
[0m11:05:58.867726 [info ] [MainThread]: Configuration:
[0m11:05:58.868501 [info ] [MainThread]:   profiles.yml file [[31mERROR invalid[0m]
[0m11:05:58.869155 [info ] [MainThread]:   dbt_project.yml file [[32mOK found and valid[0m]
[0m11:05:58.869754 [info ] [MainThread]: Required dependencies:
[0m11:05:58.870433 [debug] [MainThread]: Executing "git --help"
[0m11:05:58.902505 [debug] [MainThread]: STDOUT: "b"usage: git [-v | --version] [-h | --help] [-C <path>] [-c <name>=<value>]\n           [--exec-path[=<path>]] [--html-path] [--man-path] [--info-path]\n           [-p | --paginate | -P | --no-pager] [--no-replace-objects] [--bare]\n           [--git-dir=<path>] [--work-tree=<path>] [--namespace=<name>]\n           [--super-prefix=<path>] [--config-env=<name>=<envvar>]\n           <command> [<args>]\n\nThese are common Git commands used in various situations:\n\nstart a working area (see also: git help tutorial)\n   clone     Clone a repository into a new directory\n   init      Create an empty Git repository or reinitialize an existing one\n\nwork on the current change (see also: git help everyday)\n   add       Add file contents to the index\n   mv        Move or rename a file, a directory, or a symlink\n   restore   Restore working tree files\n   rm        Remove files from the working tree and from the index\n\nexamine the history and state (see also: git help revisions)\n   bisect    Use binary search to find the commit that introduced a bug\n   diff      Show changes between commits, commit and working tree, etc\n   grep      Print lines matching a pattern\n   log       Show commit logs\n   show      Show various types of objects\n   status    Show the working tree status\n\ngrow, mark and tweak your common history\n   branch    List, create, or delete branches\n   commit    Record changes to the repository\n   merge     Join two or more development histories together\n   rebase    Reapply commits on top of another base tip\n   reset     Reset current HEAD to the specified state\n   switch    Switch branches\n   tag       Create, list, delete or verify a tag object signed with GPG\n\ncollaborate (see also: git help workflows)\n   fetch     Download objects and refs from another repository\n   pull      Fetch from and integrate with another repository or a local branch\n   push      Update remote refs along with associated objects\n\n'git help -a' and 'git help -g' list available subcommands and some\nconcept guides. See 'git help <command>' or 'git help <concept>'\nto read about a specific subcommand or concept.\nSee 'git help git' for an overview of the system.\n""
[0m11:05:58.904964 [debug] [MainThread]: STDERR: "b''"
[0m11:05:58.905803 [info ] [MainThread]:  - git [[32mOK found[0m]

[0m11:05:58.906878 [info ] [MainThread]: Connection test skipped since no profile was found
[0m11:05:58.907525 [info ] [MainThread]: [31m1 check failed:[0m
[0m11:05:58.908118 [info ] [MainThread]: Profile loading failed for the following reason:
Runtime Error
  Credentials in profile "edit_de_project", target "staging" invalid: Runtime Error
    Could not find adapter type bigquery!


[0m11:05:58.910536 [debug] [MainThread]: Resource report: {"command_name": "debug", "command_wall_clock_time": 0.3322073, "process_user_time": 2.017928, "process_kernel_time": 0.282271, "process_mem_max_rss": "93089792", "command_success": false, "process_in_blocks": "0", "process_out_blocks": "0"}
[0m11:05:58.911613 [debug] [MainThread]: Command `dbt debug` failed at 11:05:58.911367 after 0.33 seconds
[0m11:05:58.912363 [debug] [MainThread]: Sending event: {'category': 'dbt', 'action': 'invocation', 'label': 'end', 'context': [<snowplow_tracker.self_describing_json.SelfDescribingJson object at 0x108ffa7d0>, <snowplow_tracker.self_describing_json.SelfDescribingJson object at 0x10c4d6c50>, <snowplow_tracker.self_describing_json.SelfDescribingJson object at 0x10c4d4fd0>]}
[0m11:05:58.913911 [debug] [MainThread]: Flushing usage events
[0m11:19:49.199849 [debug] [MainThread]: Sending event: {'category': 'dbt', 'action': 'invocation', 'label': 'start', 'context': [<snowplow_tracker.self_describing_json.SelfDescribingJson object at 0x1107af610>, <snowplow_tracker.self_describing_json.SelfDescribingJson object at 0x110813390>, <snowplow_tracker.self_describing_json.SelfDescribingJson object at 0x110813fd0>]}


============================== 11:19:49.214528 | ecd04104-de23-4ec2-ac58-6dc0dac967e2 ==============================
[0m11:19:49.214528 [info ] [MainThread]: Running with dbt=1.8.7
[0m11:19:49.216126 [debug] [MainThread]: running dbt with arguments {'printer_width': '80', 'indirect_selection': 'eager', 'log_cache_events': 'False', 'write_json': 'True', 'partial_parse': 'True', 'cache_selected_only': 'False', 'warn_error': 'None', 'debug': 'False', 'version_check': 'True', 'log_path': '/Users/alunos/Documents/final-project/CarrisInsight/dbt_project/logs', 'fail_fast': 'False', 'profiles_dir': '.', 'use_colors': 'True', 'use_experimental_parser': 'False', 'no_print': 'None', 'quiet': 'False', 'empty': 'None', 'warn_error_options': 'WarnErrorOptions(include=[], exclude=[])', 'introspect': 'True', 'log_format': 'default', 'static_parser': 'True', 'target_path': 'None', 'invocation_command': 'dbt debug', 'send_anonymous_usage_stats': 'True'}
[0m11:19:49.287171 [info ] [MainThread]: dbt version: 1.8.7
[0m11:19:49.288054 [info ] [MainThread]: python version: 3.11.5
[0m11:19:49.288689 [info ] [MainThread]: python path: /Users/alunos/anaconda3/bin/python
[0m11:19:49.289292 [info ] [MainThread]: os info: macOS-10.16-x86_64-i386-64bit
[0m11:19:49.303340 [info ] [MainThread]: Error importing adapter: No module named 'dbt.adapters.bigquery'
[0m11:19:49.304336 [info ] [MainThread]: Using profiles dir at .
[0m11:19:49.304959 [info ] [MainThread]: Using profiles.yml file at ./profiles.yml
[0m11:19:49.305528 [info ] [MainThread]: Using dbt_project.yml file at /Users/alunos/Documents/final-project/CarrisInsight/dbt_project/dbt_project.yml
[0m11:19:49.481033 [info ] [MainThread]: Configuration:
[0m11:19:49.481770 [info ] [MainThread]:   profiles.yml file [[31mERROR invalid[0m]
[0m11:19:49.482362 [info ] [MainThread]:   dbt_project.yml file [[32mOK found and valid[0m]
[0m11:19:49.482931 [info ] [MainThread]: Required dependencies:
[0m11:19:49.483589 [debug] [MainThread]: Executing "git --help"
[0m11:19:49.529827 [debug] [MainThread]: STDOUT: "b"usage: git [-v | --version] [-h | --help] [-C <path>] [-c <name>=<value>]\n           [--exec-path[=<path>]] [--html-path] [--man-path] [--info-path]\n           [-p | --paginate | -P | --no-pager] [--no-replace-objects] [--bare]\n           [--git-dir=<path>] [--work-tree=<path>] [--namespace=<name>]\n           [--super-prefix=<path>] [--config-env=<name>=<envvar>]\n           <command> [<args>]\n\nThese are common Git commands used in various situations:\n\nstart a working area (see also: git help tutorial)\n   clone     Clone a repository into a new directory\n   init      Create an empty Git repository or reinitialize an existing one\n\nwork on the current change (see also: git help everyday)\n   add       Add file contents to the index\n   mv        Move or rename a file, a directory, or a symlink\n   restore   Restore working tree files\n   rm        Remove files from the working tree and from the index\n\nexamine the history and state (see also: git help revisions)\n   bisect    Use binary search to find the commit that introduced a bug\n   diff      Show changes between commits, commit and working tree, etc\n   grep      Print lines matching a pattern\n   log       Show commit logs\n   show      Show various types of objects\n   status    Show the working tree status\n\ngrow, mark and tweak your common history\n   branch    List, create, or delete branches\n   commit    Record changes to the repository\n   merge     Join two or more development histories together\n   rebase    Reapply commits on top of another base tip\n   reset     Reset current HEAD to the specified state\n   switch    Switch branches\n   tag       Create, list, delete or verify a tag object signed with GPG\n\ncollaborate (see also: git help workflows)\n   fetch     Download objects and refs from another repository\n   pull      Fetch from and integrate with another repository or a local branch\n   push      Update remote refs along with associated objects\n\n'git help -a' and 'git help -g' list available subcommands and some\nconcept guides. See 'git help <command>' or 'git help <concept>'\nto read about a specific subcommand or concept.\nSee 'git help git' for an overview of the system.\n""
[0m11:19:49.532336 [debug] [MainThread]: STDERR: "b''"
[0m11:19:49.532907 [info ] [MainThread]:  - git [[32mOK found[0m]

[0m11:19:49.533615 [info ] [MainThread]: Connection test skipped since no profile was found
[0m11:19:49.534242 [info ] [MainThread]: [31m1 check failed:[0m
[0m11:19:49.534826 [info ] [MainThread]: Profile loading failed for the following reason:
Runtime Error
  Credentials in profile "edit_de_project", target "staging" invalid: Runtime Error
    Could not find adapter type bigquery!


[0m11:19:49.540311 [debug] [MainThread]: Resource report: {"command_name": "debug", "command_wall_clock_time": 0.46975777, "process_user_time": 2.654247, "process_kernel_time": 0.593821, "process_mem_max_rss": "93118464", "command_success": false, "process_in_blocks": "0", "process_out_blocks": "0"}
[0m11:19:49.541958 [debug] [MainThread]: Command `dbt debug` failed at 11:19:49.541292 after 0.47 seconds
[0m11:19:49.543517 [debug] [MainThread]: Sending event: {'category': 'dbt', 'action': 'invocation', 'label': 'end', 'context': [<snowplow_tracker.self_describing_json.SelfDescribingJson object at 0x10d3b6710>, <snowplow_tracker.self_describing_json.SelfDescribingJson object at 0x1108305d0>, <snowplow_tracker.self_describing_json.SelfDescribingJson object at 0x110830490>]}
[0m11:19:49.544609 [debug] [MainThread]: Flushing usage events
[0m11:28:58.257353 [debug] [MainThread]: Sending event: {'category': 'dbt', 'action': 'invocation', 'label': 'start', 'context': [<snowplow_tracker.self_describing_json.SelfDescribingJson object at 0x103b776d0>, <snowplow_tracker.self_describing_json.SelfDescribingJson object at 0x104c282b0>, <snowplow_tracker.self_describing_json.SelfDescribingJson object at 0x104c28700>]}


============================== 11:28:58.269368 | 6abfd6cc-0d05-4651-ba8c-51f69f9555d3 ==============================
[0m11:28:58.269368 [info ] [MainThread]: Running with dbt=1.9.1
[0m11:28:58.270624 [debug] [MainThread]: running dbt with arguments {'printer_width': '80', 'indirect_selection': 'eager', 'write_json': 'True', 'log_cache_events': 'False', 'partial_parse': 'True', 'cache_selected_only': 'False', 'profiles_dir': '.', 'version_check': 'True', 'debug': 'False', 'log_path': '/Users/alunos/Documents/final-project/CarrisInsight/dbt_project/logs', 'fail_fast': 'False', 'warn_error': 'None', 'use_colors': 'True', 'use_experimental_parser': 'False', 'no_print': 'None', 'quiet': 'False', 'empty': 'None', 'warn_error_options': 'WarnErrorOptions(include=[], exclude=[])', 'static_parser': 'True', 'log_format': 'default', 'invocation_command': 'dbt debug', 'target_path': 'None', 'introspect': 'True', 'send_anonymous_usage_stats': 'True'}
[0m11:28:58.337074 [info ] [MainThread]: dbt version: 1.9.1
[0m11:28:58.338516 [info ] [MainThread]: python version: 3.10.7
[0m11:28:58.339897 [info ] [MainThread]: python path: /Users/alunos/Documents/final-project/CarrisInsight/.project/bin/python3
[0m11:28:58.341188 [info ] [MainThread]: os info: macOS-12.7.5-x86_64-i386-64bit
[0m11:29:00.185818 [info ] [MainThread]: Using profiles dir at .
[0m11:29:00.186669 [info ] [MainThread]: Using profiles.yml file at ./profiles.yml
[0m11:29:00.187364 [info ] [MainThread]: Using dbt_project.yml file at /Users/alunos/Documents/final-project/CarrisInsight/dbt_project/dbt_project.yml
[0m11:29:00.188085 [info ] [MainThread]: adapter type: bigquery
[0m11:29:00.188753 [info ] [MainThread]: adapter version: 1.9.1
[0m11:29:00.384308 [info ] [MainThread]: Configuration:
[0m11:29:00.385141 [info ] [MainThread]:   profiles.yml file [[32mOK found and valid[0m]
[0m11:29:00.385911 [info ] [MainThread]:   dbt_project.yml file [[32mOK found and valid[0m]
[0m11:29:00.386634 [info ] [MainThread]: Required dependencies:
[0m11:29:00.387411 [debug] [MainThread]: Executing "git --help"
[0m11:29:00.433953 [debug] [MainThread]: STDOUT: "b"usage: git [-v | --version] [-h | --help] [-C <path>] [-c <name>=<value>]\n           [--exec-path[=<path>]] [--html-path] [--man-path] [--info-path]\n           [-p | --paginate | -P | --no-pager] [--no-replace-objects] [--bare]\n           [--git-dir=<path>] [--work-tree=<path>] [--namespace=<name>]\n           [--super-prefix=<path>] [--config-env=<name>=<envvar>]\n           <command> [<args>]\n\nThese are common Git commands used in various situations:\n\nstart a working area (see also: git help tutorial)\n   clone     Clone a repository into a new directory\n   init      Create an empty Git repository or reinitialize an existing one\n\nwork on the current change (see also: git help everyday)\n   add       Add file contents to the index\n   mv        Move or rename a file, a directory, or a symlink\n   restore   Restore working tree files\n   rm        Remove files from the working tree and from the index\n\nexamine the history and state (see also: git help revisions)\n   bisect    Use binary search to find the commit that introduced a bug\n   diff      Show changes between commits, commit and working tree, etc\n   grep      Print lines matching a pattern\n   log       Show commit logs\n   show      Show various types of objects\n   status    Show the working tree status\n\ngrow, mark and tweak your common history\n   branch    List, create, or delete branches\n   commit    Record changes to the repository\n   merge     Join two or more development histories together\n   rebase    Reapply commits on top of another base tip\n   reset     Reset current HEAD to the specified state\n   switch    Switch branches\n   tag       Create, list, delete or verify a tag object signed with GPG\n\ncollaborate (see also: git help workflows)\n   fetch     Download objects and refs from another repository\n   pull      Fetch from and integrate with another repository or a local branch\n   push      Update remote refs along with associated objects\n\n'git help -a' and 'git help -g' list available subcommands and some\nconcept guides. See 'git help <command>' or 'git help <concept>'\nto read about a specific subcommand or concept.\nSee 'git help git' for an overview of the system.\n""
[0m11:29:00.436330 [debug] [MainThread]: STDERR: "b''"
[0m11:29:00.437155 [info ] [MainThread]:  - git [[32mOK found[0m]

[0m11:29:00.438129 [info ] [MainThread]: Connection:
[0m11:29:00.439097 [info ] [MainThread]:   method: oauth
[0m11:29:00.439787 [info ] [MainThread]:   database: data-eng-dev-437916
[0m11:29:00.440449 [info ] [MainThread]:   execution_project: data-eng-dev-437916
[0m11:29:00.441113 [info ] [MainThread]:   schema: data_eng_project_group3
[0m11:29:00.441772 [info ] [MainThread]:   location: EU
[0m11:29:00.442644 [info ] [MainThread]:   priority: interactive
[0m11:29:00.445717 [info ] [MainThread]:   maximum_bytes_billed: None
[0m11:29:00.447885 [info ] [MainThread]:   impersonate_service_account: None
[0m11:29:00.448903 [info ] [MainThread]:   job_retry_deadline_seconds: None
[0m11:29:00.449782 [info ] [MainThread]:   job_retries: 1
[0m11:29:00.455294 [info ] [MainThread]:   job_creation_timeout_seconds: None
[0m11:29:00.456319 [info ] [MainThread]:   job_execution_timeout_seconds: 300
[0m11:29:00.457112 [info ] [MainThread]:   timeout_seconds: 300
[0m11:29:00.458009 [info ] [MainThread]:   client_id: None
[0m11:29:00.458723 [info ] [MainThread]:   token_uri: None
[0m11:29:00.459406 [info ] [MainThread]:   dataproc_region: None
[0m11:29:00.460370 [info ] [MainThread]:   dataproc_cluster_name: None
[0m11:29:00.465703 [info ] [MainThread]:   gcs_bucket: None
[0m11:29:00.466672 [info ] [MainThread]:   dataproc_batch: None
[0m11:29:00.468126 [info ] [MainThread]: Registered adapter: bigquery=1.9.1
[0m11:29:00.821820 [debug] [MainThread]: Acquiring new bigquery connection 'debug'
[0m11:29:00.823099 [debug] [MainThread]: On debug: select 1 as id
[0m11:29:00.824076 [debug] [MainThread]: Opening a new connection, currently in state init
[0m11:29:07.537085 [debug] [MainThread]: BigQuery adapter: https://console.cloud.google.com/bigquery?project=data-eng-dev-437916&j=bq:EU:427cbf3e-e21b-4289-b5ad-17095107f30f&page=queryresults
[0m11:29:08.094300 [info ] [MainThread]:   Connection test: [[32mOK connection ok[0m]

[0m11:29:08.100808 [info ] [MainThread]: [32mAll checks passed![0m
[0m11:29:08.172918 [debug] [MainThread]: Resource report: {"command_name": "debug", "command_success": true, "command_wall_clock_time": 10.072596, "process_in_blocks": "0", "process_kernel_time": 0.977023, "process_mem_max_rss": "175886336", "process_out_blocks": "0", "process_user_time": 4.533271}
[0m11:29:08.174329 [debug] [MainThread]: Command `dbt debug` succeeded at 11:29:08.174111 after 10.08 seconds
[0m11:29:08.174986 [debug] [MainThread]: Connection 'debug' was properly closed.
[0m11:29:08.175650 [debug] [MainThread]: Sending event: {'category': 'dbt', 'action': 'invocation', 'label': 'end', 'context': [<snowplow_tracker.self_describing_json.SelfDescribingJson object at 0x103b776d0>, <snowplow_tracker.self_describing_json.SelfDescribingJson object at 0x104be4c10>, <snowplow_tracker.self_describing_json.SelfDescribingJson object at 0x104be5090>]}
[0m11:29:08.176360 [debug] [MainThread]: Flushing usage events
[0m11:29:08.651422 [debug] [MainThread]: An error was encountered while trying to flush usage events
